#! /usr/share/iverilog-0.9.7/bin/vvp
:ivl_version "0.9.7 " "(v0_9_6)";
:vpi_time_precision + 0;
:vpi_module "system";
:vpi_module "v2005_math";
:vpi_module "va_math";
S_0x18a3490 .scope module, "tb" "tb" 2 1;
 .timescale 0 0;
v0x18b42c0_0 .var "clk", 0 0;
v0x18b4390_0 .net "light", 1 0, v0x18b4180_0; 1 drivers
v0x18b4440_0 .net "states", 1 0, v0x18b4220_0; 1 drivers
S_0x18a3580 .scope module, "traffic0" "trafficlight" 2 5, 3 2, S_0x18a3490;
 .timescale 0 0;
P_0x18a16d8 .param/l "green" 3 4, C4<10>;
P_0x18a1700 .param/l "red" 3 4, C4<00>;
P_0x18a1728 .param/l "yellow" 3 4, C4<01>;
v0x18a17d0_0 .net "clk", 0 0, v0x18b42c0_0; 1 drivers
v0x18b4180_0 .var "light", 1 0;
v0x18b4220_0 .var "states", 1 0;
E_0x187f1e0 .event posedge, v0x18a17d0_0;
    .scope S_0x18a3580;
T_0 ;
    %wait E_0x187f1e0;
    %load/v 8, v0x18b4220_0, 2;
    %cmpi/u 8, 0, 2;
    %jmp/1 T_0.0, 6;
    %cmpi/u 8, 1, 2;
    %jmp/1 T_0.1, 6;
    %cmpi/u 8, 2, 2;
    %jmp/1 T_0.2, 6;
    %movi 8, 1, 2;
    %ix/load 0, 2, 0;
    %assign/v0 v0x18b4220_0, 0, 8;
    %ix/load 0, 2, 0;
    %assign/v0 v0x18b4180_0, 0, 0;
    %jmp T_0.4;
T_0.0 ;
    %movi 8, 1, 2;
    %ix/load 0, 2, 0;
    %assign/v0 v0x18b4220_0, 0, 8;
    %ix/load 0, 2, 0;
    %assign/v0 v0x18b4180_0, 0, 0;
    %jmp T_0.4;
T_0.1 ;
    %movi 8, 2, 2;
    %ix/load 0, 2, 0;
    %assign/v0 v0x18b4220_0, 0, 8;
    %movi 8, 1, 2;
    %ix/load 0, 2, 0;
    %assign/v0 v0x18b4180_0, 0, 8;
    %jmp T_0.4;
T_0.2 ;
    %ix/load 0, 2, 0;
    %assign/v0 v0x18b4220_0, 0, 0;
    %movi 8, 2, 2;
    %ix/load 0, 2, 0;
    %assign/v0 v0x18b4180_0, 0, 8;
    %jmp T_0.4;
T_0.4 ;
    %jmp T_0;
    .thread T_0;
    .scope S_0x18a3490;
T_1 ;
    %delay 5, 0;
    %load/v 8, v0x18b42c0_0, 1;
    %inv 8, 1;
    %set/v v0x18b42c0_0, 8, 1;
    %jmp T_1;
    .thread T_1;
    .scope S_0x18a3490;
T_2 ;
    %vpi_call 2 9 "$dumpfile", "trafficlight.vcd";
    %vpi_call 2 10 "$dumpvars", 1'sb0, S_0x18a3490;
    %vpi_call 2 11 "$monitor", $time, " States=%b Light=%b ", v0x18b4440_0, v0x18b4390_0;
    %end;
    .thread T_2;
    .scope S_0x18a3490;
T_3 ;
    %ix/load 0, 1, 0;
    %assign/v0 v0x18b42c0_0, 0, 0;
    %delay 5, 0;
    %delay 10, 0;
    %delay 10, 0;
    %delay 10, 0;
    %vpi_call 2 19 "$finish";
    %end;
    .thread T_3;
# The file index is used to find the file name in the following table.
:file_names 4;
    "N/A";
    "<interactive>";
    "testbench.sv";
    "design.sv";
